#
# There is insufficient memory for the Java Runtime Environment to continue.
# Native memory allocation (malloc) failed to allocate 1036256 bytes for Chunk::new
# Possible reasons:
#   The system is out of physical RAM or swap space
#   In 32 bit mode, the process size limit was hit
# Possible solutions:
#   Reduce memory load on the system
#   Increase physical memory or swap space
#   Check if swap backing store is full
#   Use 64 bit Java on a 64 bit OS
#   Decrease Java heap size (-Xmx/-Xms)
#   Decrease number of Java threads
#   Decrease Java thread stack sizes (-Xss)
#   Set larger code cache with -XX:ReservedCodeCacheSize=
# This output file may be truncated or incomplete.
#
#  Out of Memory Error (allocation.cpp:390), pid=9904, tid=0x0000000000000e5c
#
# JRE version: OpenJDK Runtime Environment (8.0_152-b01) (build 1.8.0_152-release-1343-b01)
# Java VM: OpenJDK 64-Bit Server VM (25.152-b01 mixed mode windows-amd64 compressed oops)
# Failed to write core dump. Minidumps are not enabled by default on client versions of Windows
#

---------------  T H R E A D  ---------------

Current thread (0x000000001652d800):  JavaThread "C2 CompilerThread0" daemon [_thread_in_native, id=3676, stack(0x0000000017f10000,0x0000000018010000)]

Stack: [0x0000000017f10000,0x0000000018010000]
[error occurred during error reporting (printing stack bounds), id 0xc0000005]

Native frames: (J=compiled Java code, j=interpreted, Vv=VM code, C=native code)


Current CompileTask:
C2:  20322 5060   !   4       java.net.URLClassLoader$1::run (63 bytes)


---------------  P R O C E S S  ---------------

Java Threads: ( => current thread )
  0x000000001c243800 JavaThread "Cache worker for Build Output Cleanup Cache (G:\Android_Project\MyApplication\.gradle\buildOutputCleanup)" [_thread_blocked, id=8792, stack(0x0000000021d60000,0x0000000021e60000)]
  0x000000001c23c000 JavaThread "Build operations Thread 4" [_thread_blocked, id=8172, stack(0x0000000021860000,0x0000000021960000)]
  0x000000001c23b000 JavaThread "Build operations Thread 3" [_thread_blocked, id=572, stack(0x0000000021760000,0x0000000021860000)]
  0x000000001c242000 JavaThread "Build operations Thread 2" [_thread_blocked, id=12696, stack(0x0000000021660000,0x0000000021760000)]
  0x000000001c23a800 JavaThread "Build operations" [_thread_blocked, id=6460, stack(0x0000000021560000,0x0000000021660000)]
  0x000000001c241000 JavaThread "Cache worker for execution history cache (G:\Gradle_Home\.gradle\caches\5.1.1\executionHistory)" [_thread_blocked, id=3472, stack(0x0000000020f30000,0x0000000021030000)]
  0x000000001c240800 JavaThread "Cache worker for cache directory md-rule (G:\Gradle_Home\.gradle\caches\5.1.1\md-rule)" [_thread_blocked, id=4136, stack(0x000000001e9b0000,0x000000001eab0000)]
  0x000000001c23f000 JavaThread "Cache worker for cache directory md-supplier (G:\Gradle_Home\.gradle\caches\5.1.1\md-supplier)" [_thread_blocked, id=14512, stack(0x000000001e600000,0x000000001e700000)]
  0x000000001796b800 JavaThread "Cache worker for file hash cache (G:\Android_Project\MyApplication\.gradle\5.1.1\fileHashes)" [_thread_blocked, id=10264, stack(0x000000001ce30000,0x000000001cf30000)]
  0x000000001796a000 JavaThread "Cache worker for journal cache (G:\Gradle_Home\.gradle\caches\journal-1)" [_thread_blocked, id=6020, stack(0x000000001ab90000,0x000000001ac90000)]
  0x0000000017967000 JavaThread "File lock request listener" [_thread_in_native, id=7060, stack(0x000000001aa90000,0x000000001ab90000)]
  0x00000000195b7000 JavaThread "Cache worker for file hash cache (G:\Gradle_Home\.gradle\caches\5.1.1\fileHashes)" [_thread_blocked, id=11244, stack(0x000000001a990000,0x000000001aa90000)]
  0x00000000195d7800 JavaThread "Thread-8" [_thread_blocked, id=11792, stack(0x000000001a890000,0x000000001a990000)]
  0x00000000195d2000 JavaThread "Stdin handler" [_thread_blocked, id=1508, stack(0x000000001a790000,0x000000001a890000)]
  0x00000000195cc800 JavaThread "Asynchronous log dispatcher for DefaultDaemonConnection: socket connection from /127.0.0.1:60602 to /127.0.0.1:60603" [_thread_blocked, id=15076, stack(0x000000001a690000,0x000000001a790000)]
  0x00000000195c8000 JavaThread "Daemon worker" [_thread_in_native, id=1116, stack(0x000000001a590000,0x000000001a690000)]
  0x00000000195e9000 JavaThread "Cancel handler" [_thread_blocked, id=3508, stack(0x000000001a490000,0x000000001a590000)]
  0x0000000019572800 JavaThread "Handler for socket connection from /127.0.0.1:60602 to /127.0.0.1:60603" [_thread_in_native, id=1676, stack(0x000000001a190000,0x000000001a290000)]
  0x000000001956d800 JavaThread "Daemon" [_thread_blocked, id=5532, stack(0x000000001a090000,0x000000001a190000)]
  0x000000001956c800 JavaThread "Daemon periodic checks" [_thread_blocked, id=12732, stack(0x0000000019f90000,0x000000001a090000)]
  0x000000001950a000 JavaThread "Incoming local TCP Connector on port 60602" [_thread_in_native, id=524, stack(0x0000000019de0000,0x0000000019ee0000)]
  0x000000001799c000 JavaThread "Service Thread" daemon [_thread_blocked, id=13200, stack(0x0000000018210000,0x0000000018310000)]
  0x0000000017968000 JavaThread "C1 CompilerThread2" daemon [_thread_blocked, id=14924, stack(0x0000000018110000,0x0000000018210000)]
  0x000000001795e000 JavaThread "C2 CompilerThread1" daemon [_thread_blocked, id=7688, stack(0x0000000018010000,0x0000000018110000)]
=>0x000000001652d800 JavaThread "C2 CompilerThread0" daemon [_thread_in_native, id=3676, stack(0x0000000017f10000,0x0000000018010000)]
  0x0000000016578800 JavaThread "Attach Listener" daemon [_thread_blocked, id=1512, stack(0x0000000017e10000,0x0000000017f10000)]
  0x0000000017918800 JavaThread "Signal Dispatcher" daemon [_thread_blocked, id=8768, stack(0x0000000017d10000,0x0000000017e10000)]
  0x0000000002baa000 JavaThread "Finalizer" daemon [_thread_blocked, id=12720, stack(0x00000000177b0000,0x00000000178b0000)]
  0x0000000002b9f000 JavaThread "Reference Handler" daemon [_thread_blocked, id=13444, stack(0x00000000176b0000,0x00000000177b0000)]
  0x000000000273e000 JavaThread "main" [_thread_blocked, id=12452, stack(0x00000000025c0000,0x00000000026c0000)]

Other Threads:
  0x00000000164e7000 VMThread [stack: 0x00000000175b0000,0x00000000176b0000] [id=7324]
  0x000000001799c800 WatcherThread [stack: 0x0000000018310000,0x0000000018410000] [id=14864]

VM state:not at safepoint (normal execution)

VM Mutex/Monitor currently owned by a thread: None

Heap:
 PSYoungGen      total 249856K, used 48379K [0x00000000e0000000, 0x00000000f0300000, 0x0000000100000000)
  eden space 234496K, 14% used [0x00000000e0000000,0x00000000e203fd58,0x00000000ee500000)
  from space 15360K, 99% used [0x00000000ee500000,0x00000000ef3ff090,0x00000000ef400000)
  to   space 10752K, 0% used [0x00000000ef880000,0x00000000ef880000,0x00000000f0300000)
 ParOldGen       total 58368K, used 24875K [0x00000000a0000000, 0x00000000a3900000, 0x00000000e0000000)
  object space 58368K, 42% used [0x00000000a0000000,0x00000000a184afc0,0x00000000a3900000)
 Metaspace       used 56238K, capacity 57578K, committed 57856K, reserved 1099776K
  class space    used 7529K, capacity 7898K, committed 7936K, reserved 1048576K

Card table byte_map: [0x0000000011f70000,0x0000000012280000] byte_map_base: 0x0000000011a70000

Marking Bits: (ParMarkBitMap*) 0x0000000059d45aa0
 Begin Bits: [0x0000000012880000, 0x0000000014080000)
 End Bits:   [0x0000000014080000, 0x0000000015880000)

Polling page: 0x00000000005f0000

CodeCache: size=245760Kb used=15565Kb max_used=15566Kb free=230194Kb
 bounds [0x0000000002bb0000, 0x0000000003b00000, 0x0000000011bb0000]
 total_blobs=5468 nmethods=4674 adapters=706
 compilation: enabled

Compilation events (10 events):
Event: 20.135 Thread 0x0000000017968000 nmethod 5058 0x0000000003ae9110 code [0x0000000003ae9280, 0x0000000003ae94a8]
Event: 20.169 Thread 0x0000000017968000 5059       3       org.gradle.api.internal.file.AbstractFileCollection::<init> (5 bytes)
Event: 20.169 Thread 0x0000000017968000 nmethod 5059 0x0000000003ae8b10 code [0x0000000003ae8c60, 0x0000000003ae8e10]
Event: 20.170 Thread 0x000000001652d800 5060   !   4       java.net.URLClassLoader$1::run (63 bytes)
Event: 20.201 Thread 0x000000001795e000 5061       4       java.lang.StringBuilder::append (8 bytes)
Event: 20.202 Thread 0x000000001795e000 nmethod 5061 0x0000000003ae7390 code [0x0000000003ae74e0, 0x0000000003ae7568]
Event: 20.207 Thread 0x0000000017968000 5062       3       java.security.CodeSource::getCertificates (98 bytes)
Event: 20.207 Thread 0x0000000017968000 nmethod 5062 0x0000000003ae7850 code [0x0000000003ae7a60, 0x0000000003ae8748]
Event: 20.260 Thread 0x0000000017968000 5063       1       java.nio.charset.CharsetDecoder::charset (5 bytes)
Event: 20.260 Thread 0x0000000017968000 nmethod 5063 0x0000000003ae6550 code [0x0000000003ae66a0, 0x0000000003ae67b0]

GC Heap History (10 events):
Event: 5.899 GC heap before
{Heap before GC invocations=5 (full 1):
 PSYoungGen      total 138240K, used 5112K [0x00000000e0000000, 0x00000000e8c00000, 0x0000000100000000)
  eden space 133120K, 0% used [0x00000000e0000000,0x00000000e0000000,0x00000000e8200000)
  from space 5120K, 99% used [0x00000000e8700000,0x00000000e8bfe040,0x00000000e8c00000)
  to   space 5120K, 0% used [0x00000000e8200000,0x00000000e8200000,0x00000000e8700000)
 ParOldGen       total 87552K, used 11185K [0x00000000a0000000, 0x00000000a5580000, 0x00000000e0000000)
  object space 87552K, 12% used [0x00000000a0000000,0x00000000a0aec6c8,0x00000000a5580000)
 Metaspace       used 20642K, capacity 21130K, committed 21296K, reserved 1067008K
  class space    used 2900K, capacity 3091K, committed 3200K, reserved 1048576K
Event: 5.942 GC heap after
Heap after GC invocations=5 (full 1):
 PSYoungGen      total 138240K, used 0K [0x00000000e0000000, 0x00000000e8c00000, 0x0000000100000000)
  eden space 133120K, 0% used [0x00000000e0000000,0x00000000e0000000,0x00000000e8200000)
  from space 5120K, 0% used [0x00000000e8700000,0x00000000e8700000,0x00000000e8c00000)
  to   space 5120K, 0% used [0x00000000e8200000,0x00000000e8200000,0x00000000e8700000)
 ParOldGen       total 58368K, used 10878K [0x00000000a0000000, 0x00000000a3900000, 0x00000000e0000000)
  object space 58368K, 18% used [0x00000000a0000000,0x00000000a0a9f838,0x00000000a3900000)
 Metaspace       used 20642K, capacity 21130K, committed 21296K, reserved 1067008K
  class space    used 2900K, capacity 3091K, committed 3200K, reserved 1048576K
}
Event: 7.989 GC heap before
{Heap before GC invocations=6 (full 1):
 PSYoungGen      total 138240K, used 133120K [0x00000000e0000000, 0x00000000e8c00000, 0x0000000100000000)
  eden space 133120K, 100% used [0x00000000e0000000,0x00000000e8200000,0x00000000e8200000)
  from space 5120K, 0% used [0x00000000e8700000,0x00000000e8700000,0x00000000e8c00000)
  to   space 5120K, 0% used [0x00000000e8200000,0x00000000e8200000,0x00000000e8700000)
 ParOldGen       total 58368K, used 10878K [0x00000000a0000000, 0x00000000a3900000, 0x00000000e0000000)
  object space 58368K, 18% used [0x00000000a0000000,0x00000000a0a9f838,0x00000000a3900000)
 Metaspace       used 32174K, capacity 32800K, committed 33152K, reserved 1077248K
  class space    used 4422K, capacity 4622K, committed 4736K, reserved 1048576K
Event: 8.004 GC heap after
Heap after GC invocations=6 (full 1):
 PSYoungGen      total 138240K, used 5120K [0x00000000e0000000, 0x00000000f0800000, 0x0000000100000000)
  eden space 133120K, 0% used [0x00000000e0000000,0x00000000e0000000,0x00000000e8200000)
  from space 5120K, 100% used [0x00000000e8200000,0x00000000e8700000,0x00000000e8700000)
  to   space 15872K, 0% used [0x00000000ef880000,0x00000000ef880000,0x00000000f0800000)
 ParOldGen       total 58368K, used 18864K [0x00000000a0000000, 0x00000000a3900000, 0x00000000e0000000)
  object space 58368K, 32% used [0x00000000a0000000,0x00000000a126c330,0x00000000a3900000)
 Metaspace       used 32174K, capacity 32800K, committed 33152K, reserved 1077248K
  class space    used 4422K, capacity 4622K, committed 4736K, reserved 1048576K
}
Event: 9.118 GC heap before
{Heap before GC invocations=7 (full 1):
 PSYoungGen      total 138240K, used 51381K [0x00000000e0000000, 0x00000000f0800000, 0x0000000100000000)
  eden space 133120K, 34% used [0x00000000e0000000,0x00000000e2d2d4f0,0x00000000e8200000)
  from space 5120K, 100% used [0x00000000e8200000,0x00000000e8700000,0x00000000e8700000)
  to   space 15872K, 0% used [0x00000000ef880000,0x00000000ef880000,0x00000000f0800000)
 ParOldGen       total 58368K, used 18864K [0x00000000a0000000, 0x00000000a3900000, 0x00000000e0000000)
  object space 58368K, 32% used [0x00000000a0000000,0x00000000a126c330,0x00000000a3900000)
 Metaspace       used 34708K, capacity 35408K, committed 35456K, reserved 1079296K
  class space    used 4778K, capacity 4987K, committed 4992K, reserved 1048576K
Event: 9.129 GC heap after
Heap after GC invocations=7 (full 1):
 PSYoungGen      total 245248K, used 9527K [0x00000000e0000000, 0x00000000f0300000, 0x0000000100000000)
  eden space 234496K, 0% used [0x00000000e0000000,0x00000000e0000000,0x00000000ee500000)
  from space 10752K, 88% used [0x00000000ef880000,0x00000000f01cdea8,0x00000000f0300000)
  to   space 15360K, 0% used [0x00000000ee500000,0x00000000ee500000,0x00000000ef400000)
 ParOldGen       total 58368K, used 18872K [0x00000000a0000000, 0x00000000a3900000, 0x00000000e0000000)
  object space 58368K, 32% used [0x00000000a0000000,0x00000000a126e330,0x00000000a3900000)
 Metaspace       used 34708K, capacity 35408K, committed 35456K, reserved 1079296K
  class space    used 4778K, capacity 4987K, committed 4992K, reserved 1048576K
}
Event: 9.129 GC heap before
{Heap before GC invocations=8 (full 2):
 PSYoungGen      total 245248K, used 9527K [0x00000000e0000000, 0x00000000f0300000, 0x0000000100000000)
  eden space 234496K, 0% used [0x00000000e0000000,0x00000000e0000000,0x00000000ee500000)
  from space 10752K, 88% used [0x00000000ef880000,0x00000000f01cdea8,0x00000000f0300000)
  to   space 15360K, 0% used [0x00000000ee500000,0x00000000ee500000,0x00000000ef400000)
 ParOldGen       total 58368K, used 18872K [0x00000000a0000000, 0x00000000a3900000, 0x00000000e0000000)
  object space 58368K, 32% used [0x00000000a0000000,0x00000000a126e330,0x00000000a3900000)
 Metaspace       used 34708K, capacity 35408K, committed 35456K, reserved 1079296K
  class space    used 4778K, capacity 4987K, committed 4992K, reserved 1048576K
Event: 9.203 GC heap after
Heap after GC invocations=8 (full 2):
 PSYoungGen      total 245248K, used 0K [0x00000000e0000000, 0x00000000f0300000, 0x0000000100000000)
  eden space 234496K, 0% used [0x00000000e0000000,0x00000000e0000000,0x00000000ee500000)
  from space 10752K, 0% used [0x00000000ef880000,0x00000000ef880000,0x00000000f0300000)
  to   space 15360K, 0% used [0x00000000ee500000,0x00000000ee500000,0x00000000ef400000)
 ParOldGen       total 58368K, used 16754K [0x00000000a0000000, 0x00000000a3900000, 0x00000000e0000000)
  object space 58368K, 28% used [0x00000000a0000000,0x00000000a105ca20,0x00000000a3900000)
 Metaspace       used 34708K, capacity 35408K, committed 35456K, reserved 1079296K
  class space    used 4778K, capacity 4987K, committed 4992K, reserved 1048576K
}
Event: 19.463 GC heap before
{Heap before GC invocations=9 (full 2):
 PSYoungGen      total 245248K, used 234496K [0x00000000e0000000, 0x00000000f0300000, 0x0000000100000000)
  eden space 234496K, 100% used [0x00000000e0000000,0x00000000ee500000,0x00000000ee500000)
  from space 10752K, 0% used [0x00000000ef880000,0x00000000ef880000,0x00000000f0300000)
  to   space 15360K, 0% used [0x00000000ee500000,0x00000000ee500000,0x00000000ef400000)
 ParOldGen       total 58368K, used 16754K [0x00000000a0000000, 0x00000000a3900000, 0x00000000e0000000)
  object space 58368K, 28% used [0x00000000a0000000,0x00000000a105ca20,0x00000000a3900000)
 Metaspace       used 54068K, capacity 55508K, committed 55808K, reserved 1097728K
  class space    used 7257K, capacity 7633K, committed 7680K, reserved 1048576K
Event: 19.487 GC heap after
Heap after GC invocations=9 (full 2):
 PSYoungGen      total 249856K, used 15356K [0x00000000e0000000, 0x00000000f0300000, 0x0000000100000000)
  eden space 234496K, 0% used [0x00000000e0000000,0x00000000e0000000,0x00000000ee500000)
  from space 15360K, 99% used [0x00000000ee500000,0x00000000ef3ff090,0x00000000ef400000)
  to   space 10752K, 0% used [0x00000000ef880000,0x00000000ef880000,0x00000000f0300000)
 ParOldGen       total 58368K, used 24875K [0x00000000a0000000, 0x00000000a3900000, 0x00000000e0000000)
  object space 58368K, 42% used [0x00000000a0000000,0x00000000a184afc0,0x00000000a3900000)
 Metaspace       used 54068K, capacity 55508K, committed 55808K, reserved 1097728K
  class space    used 7257K, capacity 7633K, committed 7680K, reserved 1048576K
}

Deoptimization events (10 events):
Event: 17.368 Thread 0x00000000195c8000 Uncommon trap: reason=unstable_if action=reinterpret pc=0x0000000003888030 method=com.sun.org.apache.xerces.internal.impl.XMLEntityScanner.scanLiteral(ILcom/sun/org/apache/xerces/internal/xni/XMLString;Z)I @ 660
Event: 17.374 Thread 0x00000000195c8000 Uncommon trap: reason=unstable_if action=reinterpret pc=0x00000000038892d8 method=com.sun.org.apache.xerces.internal.util.SymbolTable.addSymbol([CII)Ljava/lang/String; @ 64
Event: 17.501 Thread 0x00000000195c8000 Uncommon trap: reason=unstable_if action=reinterpret pc=0x00000000031b8928 method=java.util.regex.Pattern$BmpCharProperty.match(Ljava/util/regex/Matcher;ILjava/lang/CharSequence;)Z @ 34
Event: 17.594 Thread 0x00000000195c8000 Uncommon trap: reason=unstable_if action=reinterpret pc=0x0000000002e6a72c method=com.sun.org.apache.xerces.internal.impl.XMLEntityScanner.skipSpaces()Z @ 303
Event: 17.620 Thread 0x00000000195c8000 Uncommon trap: reason=unstable_if action=reinterpret pc=0x0000000002d4b5f0 method=com.sun.org.apache.xerces.internal.impl.XMLEntityScanner.peekChar()I @ 14
Event: 17.652 Thread 0x00000000195c8000 Uncommon trap: reason=unstable_if action=reinterpret pc=0x0000000002db06f8 method=com.sun.org.apache.xerces.internal.impl.XMLEntityScanner.scanContent(Lcom/sun/org/apache/xerces/internal/xni/XMLString;)I @ 526
Event: 19.325 Thread 0x00000000195c8000 Uncommon trap: reason=unstable_if action=reinterpret pc=0x000000000318e964 method=java.lang.String.lastIndexOf([CII[CIII)I @ 17
Event: 19.490 Thread 0x0000000002baa000 Uncommon trap: reason=unstable_if action=reinterpret pc=0x000000000315d07c method=java.util.WeakHashMap.eq(Ljava/lang/Object;Ljava/lang/Object;)Z @ 2
Event: 19.629 Thread 0x00000000195c8000 Uncommon trap: reason=unstable_if action=reinterpret pc=0x000000000313b9d4 method=java.util.concurrent.ConcurrentHashMap.putVal(Ljava/lang/Object;Ljava/lang/Object;Z)Ljava/lang/Object; @ 195
Event: 19.678 Thread 0x00000000195c8000 Uncommon trap: reason=unstable_if action=reinterpret pc=0x0000000002eedd08 method=kotlin.reflect.jvm.internal.impl.protobuf.CodedInputStream.readRawVarint32()I @ 10

Classes redefined (0 events):
No events

Internal exceptions (10 events):
Event: 18.304 Thread 0x00000000195c8000 Exception <a 'java/lang/NoSuchMethodError': java.lang.Object.lambda$comparing$77a9974f$1(Ljava/util/function/Function;Ljava/lang/Object;Ljava/lang/Object;)I> (0x00000000ec8b1418) thrown at [D:\src\AOSP-openjdk-cygwin\jdk8u\hotspot\src\share\vm\interpreter
Event: 18.305 Thread 0x00000000195c8000 Exception <a 'java/lang/NoSuchMethodError': java.lang.Object.lambda$thenComparing$36697e65$1(Ljava/util/Comparator;Ljava/lang/Object;Ljava/lang/Object;)I> (0x00000000ec8bcbd0) thrown at [D:\src\AOSP-openjdk-cygwin\jdk8u\hotspot\src\share\vm\interpreter\li
Event: 18.446 Thread 0x00000000195c8000 Exception <a 'java/lang/NoSuchMethodError': java.lang.Object.lambda$maxBy$1(Ljava/util/Comparator;Ljava/lang/Object;Ljava/lang/Object;)Ljava/lang/Object;> (0x00000000eca08ff0) thrown at [D:\src\AOSP-openjdk-cygwin\jdk8u\hotspot\src\share\vm\interpreter\li
Event: 19.028 Thread 0x00000000195c8000 Exception <a 'java/lang/ClassNotFoundException': org/gradle/api/plugins/internal/DefaultBasePluginConventionBeanInfo> (0x00000000ed1469a0) thrown at [D:\src\AOSP-openjdk-cygwin\jdk8u\hotspot\src\share\vm\classfile\systemDictionary.cpp, line 210]
Event: 19.028 Thread 0x00000000195c8000 Exception <a 'java/lang/ClassNotFoundException': org/gradle/api/plugins/BasePluginConventionBeanInfo> (0x00000000ed16dde8) thrown at [D:\src\AOSP-openjdk-cygwin\jdk8u\hotspot\src\share\vm\classfile\systemDictionary.cpp, line 210]
Event: 19.029 Thread 0x00000000195c8000 Exception <a 'java/lang/ClassNotFoundException': org/gradle/api/plugins/BasePluginConventionCustomizer> (0x00000000ed195c00) thrown at [D:\src\AOSP-openjdk-cygwin\jdk8u\hotspot\src\share\vm\classfile\systemDictionary.cpp, line 210]
Event: 19.030 Thread 0x00000000195c8000 Exception <a 'java/lang/ClassNotFoundException': org/gradle/api/plugins/internal/DefaultBasePluginConventionCustomizer> (0x00000000ed1d7368) thrown at [D:\src\AOSP-openjdk-cygwin\jdk8u\hotspot\src\share\vm\classfile\systemDictionary.cpp, line 210]
Event: 19.040 Thread 0x00000000195c8000 Exception <a 'java/lang/NoSuchMethodError': java.lang.Object.lambda$comparingInt$7b0bb60$1(Ljava/util/function/ToIntFunction;Ljava/lang/Object;Ljava/lang/Object;)I> (0x00000000ed24c1e8) thrown at [D:\src\AOSP-openjdk-cygwin\jdk8u\hotspot\src\share\vm\inte
Event: 19.042 Thread 0x00000000195c8000 Exception <a 'java/lang/NoSuchMethodError': java.lang.Object.lambda$comparing$ea9a8b3a$1(Ljava/util/Comparator;Ljava/util/function/Function;Ljava/lang/Object;Ljava/lang/Object;)I> (0x00000000ed256580) thrown at [D:\src\AOSP-openjdk-cygwin\jdk8u\hotspot\sr
Event: 20.300 Thread 0x00000000195c8000 Exception <a 'java/lang/NullPointerException'> (0x00000000e1cf1b58) thrown at [D:\src\AOSP-openjdk-cygwin\jdk8u\hotspot\src\share\vm\interpreter\linkResolver.cpp, line 1199]

Events (10 events):
Event: 20.221 loading class com/android/build/gradle/external/cmake/CmakeUtils
Event: 20.221 loading class com/android/build/gradle/external/cmake/CmakeUtils done
Event: 20.222 loading class java/lang/ProcessBuilder
Event: 20.241 loading class java/lang/ProcessBuilder done
Event: 20.241 loading class java/lang/ProcessImpl
Event: 20.242 loading class java/lang/ProcessImpl done
Event: 20.259 loading class java/lang/ProcessImpl$2
Event: 20.260 loading class java/lang/ProcessImpl$2 done
Event: 20.300 loading class com/android/build/gradle/internal/crash/PluginCrashReporter
Event: 20.300 loading class com/android/build/gradle/internal/crash/PluginCrashReporter done


Dynamic libraries:
0x00007ff71e810000 - 0x00007ff71e841000 	G:\android\Android Studio\jre\bin\java.exe
0x00007fff084f0000 - 0x00007fff086d1000 	C:\WINDOWS\SYSTEM32\ntdll.dll
0x00007fff07ac0000 - 0x00007fff07b71000 	C:\WINDOWS\System32\KERNEL32.DLL
0x00007fff05490000 - 0x00007fff05703000 	C:\WINDOWS\System32\KERNELBASE.dll
0x00007fff07b80000 - 0x00007fff07c21000 	C:\WINDOWS\System32\ADVAPI32.dll
0x00007fff08420000 - 0x00007fff084be000 	C:\WINDOWS\System32\msvcrt.dll
0x00007fff07350000 - 0x00007fff073ab000 	C:\WINDOWS\System32\sechost.dll
0x00007fff07990000 - 0x00007fff07ab4000 	C:\WINDOWS\System32\RPCRT4.dll
0x00007fff071c0000 - 0x00007fff07350000 	C:\WINDOWS\System32\USER32.dll
0x00007fff05810000 - 0x00007fff05830000 	C:\WINDOWS\System32\win32u.dll
0x00007fff06e50000 - 0x00007fff06e78000 	C:\WINDOWS\System32\GDI32.dll
0x00007fff04b80000 - 0x00007fff04d11000 	C:\WINDOWS\System32\gdi32full.dll
0x00007fff058e0000 - 0x00007fff0597f000 	C:\WINDOWS\System32\msvcp_win.dll
0x00007fff05710000 - 0x00007fff05808000 	C:\WINDOWS\System32\ucrtbase.dll
0x00007ffef99c0000 - 0x00007ffef9c29000 	C:\WINDOWS\WinSxS\amd64_microsoft.windows.common-controls_6595b64144ccf1df_6.0.17134.885_none_fb42a3473065565f\COMCTL32.dll
0x00007fff07f30000 - 0x00007fff08252000 	C:\WINDOWS\System32\combase.dll
0x00007fff04b00000 - 0x00007fff04b79000 	C:\WINDOWS\System32\bcryptPrimitives.dll
0x00007fff08360000 - 0x00007fff0838d000 	C:\WINDOWS\System32\IMM32.DLL
0x0000000056ca0000 - 0x0000000056d72000 	G:\android\Android Studio\jre\jre\bin\msvcr100.dll
0x0000000059580000 - 0x0000000059dc1000 	G:\android\Android Studio\jre\jre\bin\server\jvm.dll
0x00007fff07800000 - 0x00007fff07808000 	C:\WINDOWS\System32\PSAPI.DLL
0x00007ffef90a0000 - 0x00007ffef90a9000 	C:\WINDOWS\SYSTEM32\WSOCK32.dll
0x00007fff07d90000 - 0x00007fff07dfc000 	C:\WINDOWS\System32\WS2_32.dll
0x00007ffefed70000 - 0x00007ffefed93000 	C:\WINDOWS\SYSTEM32\WINMM.dll
0x00007ffefeef0000 - 0x00007ffefeefa000 	C:\WINDOWS\SYSTEM32\VERSION.dll
0x00007ffefed40000 - 0x00007ffefed6a000 	C:\WINDOWS\SYSTEM32\WINMMBASE.dll
0x00007fff04ab0000 - 0x00007fff04af9000 	C:\WINDOWS\System32\cfgmgr32.dll
0x00007fff02480000 - 0x00007fff0248f000 	G:\android\Android Studio\jre\jre\bin\verify.dll
0x00007ffefb600000 - 0x00007ffefb629000 	G:\android\Android Studio\jre\jre\bin\java.dll
0x00007ffefe600000 - 0x00007ffefe616000 	G:\android\Android Studio\jre\jre\bin\zip.dll
0x00007fff059b0000 - 0x00007fff06df0000 	C:\WINDOWS\System32\SHELL32.dll
0x00007fff07020000 - 0x00007fff070c9000 	C:\WINDOWS\System32\shcore.dll
0x00007fff04d80000 - 0x00007fff0548d000 	C:\WINDOWS\System32\windows.storage.dll
0x00007fff08260000 - 0x00007fff082b1000 	C:\WINDOWS\System32\shlwapi.dll
0x00007fff04870000 - 0x00007fff04881000 	C:\WINDOWS\System32\kernel.appcore.dll
0x00007fff04850000 - 0x00007fff0486f000 	C:\WINDOWS\System32\profapi.dll
0x00007fff04800000 - 0x00007fff0484c000 	C:\WINDOWS\System32\powrprof.dll
0x00007fff048b0000 - 0x00007fff048ba000 	C:\WINDOWS\System32\FLTLIB.DLL
0x00007ffefe330000 - 0x00007ffefe34a000 	G:\android\Android Studio\jre\jre\bin\net.dll
0x00007fff04080000 - 0x00007fff040e6000 	C:\WINDOWS\system32\mswsock.dll
0x00007ffefe210000 - 0x00007ffefe221000 	G:\android\Android Studio\jre\jre\bin\nio.dll
0x00007ffeeda10000 - 0x00007ffeeda2e000 	G:\Gradle_Home\.gradle\native\25\windows-amd64\native-platform.dll
0x00007ffefe160000 - 0x00007ffefe16d000 	G:\android\Android Studio\jre\jre\bin\management.dll
0x00007fff04230000 - 0x00007fff04247000 	C:\WINDOWS\SYSTEM32\CRYPTSP.dll
0x00007fff03c70000 - 0x00007fff03ca3000 	C:\WINDOWS\system32\rsaenh.dll
0x00007fff04360000 - 0x00007fff04385000 	C:\WINDOWS\SYSTEM32\bcrypt.dll
0x00007fff04730000 - 0x00007fff04758000 	C:\WINDOWS\SYSTEM32\USERENV.dll
0x00007fff04250000 - 0x00007fff0425b000 	C:\WINDOWS\SYSTEM32\CRYPTBASE.dll
0x00007fff03e10000 - 0x00007fff03e48000 	C:\WINDOWS\SYSTEM32\IPHLPAPI.DLL
0x00007fff08410000 - 0x00007fff08418000 	C:\WINDOWS\System32\NSI.dll
0x00007ffeff3b0000 - 0x00007ffeff3c6000 	C:\WINDOWS\SYSTEM32\dhcpcsvc6.DLL
0x00007ffeff340000 - 0x00007ffeff35a000 	C:\WINDOWS\SYSTEM32\dhcpcsvc.DLL

VM Arguments:
jvm_args: -Xmx1536m -Dfile.encoding=GBK -Duser.country=CN -Duser.language=zh -Duser.variant 
java_command: org.gradle.launcher.daemon.bootstrap.GradleDaemon 5.1.1
java_class_path (initial): G:\Gradle_Home\.gradle\wrapper\dists\gradle-5.1.1-all\97z1ksx6lirer3kbvdnh7jtjg\gradle-5.1.1\lib\gradle-launcher-5.1.1.jar
Launcher Type: SUN_STANDARD

Environment Variables:
JAVA_HOME=G:\android\Android Studio\jre\bin
PATH=C:\Program Files (x86)\Common Files\Oracle\Java\javapath;C:\Program Files (x86)\NVIDIA Corporation\PhysX\Common;C:\WINDOWS\system32;C:\WINDOWS;C:\WINDOWS\System32\Wbem;C:\WINDOWS\System32\WindowsPowerShell\v1.0\;C:\Program Files (x86)\Windows Kits\8.1\Windows Performance Toolkit\;C:\WINDOWS\System32\OpenSSH\;C:\Program Files (x86)\Windows Kits\10\Windows Performance Toolkit\;G:\opencv\build\x64\vc15\bin;C:\Program Files\Microsoft SQL Server\130\Tools\Binn\;C:\WINDOWS\system32\config\systemprofile\.dnx\bin;C:\Program Files\Microsoft DNX\Dnvm\;G:\matlab\runtime\win64;G:\matlab\bin;G:\python3.7.0\Scripts\;G:\python3.7.0\;C:\Users\Fullinpe\AppData\Local\Microsoft\WindowsApps;G:\flip 3.4.7\bin
USERNAME=Fullinpe
OS=Windows_NT
PROCESSOR_IDENTIFIER=Intel64 Family 6 Model 94 Stepping 3, GenuineIntel



---------------  S Y S T E M  ---------------

OS: Windows 10.0 , 64 bit Build 17134 (10.0.17134.753)

CPU:total 4 (initial active 4) (4 cores per cpu, 1 threads per core) family 6 model 94 stepping 3, cmov, cx8, fxsr, mmx, sse, sse2, sse3, ssse3, sse4.1, sse4.2, popcnt, avx, avx2, aes, clmul, erms, rtm, 3dnowpref, lzcnt, tsc, tscinvbit, bmi1, bmi2, adx

Memory: 4k page, physical 8260056k(433440k free), swap 11405784k(1520k free)

vm_info: OpenJDK 64-Bit Server VM (25.152-b01) for windows-amd64 JRE (1.8.0_152-release-1343-b01), built by "builder" with MS VC++ 10.0 (VS2010)

time: Sat Jul 20 17:37:59 2019
elapsed time: 20 seconds (0d 0h 0m 20s)

